<?xml version="1.0" encoding="UTF-8"?>
<testsuite xmlns:xsi="http://www.w3.org/2001/XMLSchema-instance" xsi:noNamespaceSchemaLocation="https://maven.apache.org/surefire/maven-surefire-plugin/xsd/surefire-test-report-3.0.xsd" version="3.0" name="com.eneik.generated.RecoveryAuthTest" time="9.461" tests="5" errors="0" skipped="0" failures="0">
  <properties>
[...]
</properties>
  <testcase name="givenExpiredToken_whenAttemptingToReset_thenRejectedWith401" classname="com.eneik.generated.RecoveryAuthTest" time="1.09">
    <system-out><![CDATA[03:08:53.809 [main] INFO org.springframework.test.context.support.AnnotationConfigContextLoaderUtils -- Could not detect default configuration classes for test class [com.eneik.generated.RecoveryAuthTest]: RecoveryAuthTest does not declare any static, non-private, non-final, nested classes annotated with @Configuration.
03:08:53.989 [main] INFO org.springframework.boot.test.context.SpringBootTestContextBootstrapper -- Found @SpringBootConfiguration com.eneik.generated.Application for test class com.eneik.generated.RecoveryAuthTest

  .   ____          _            __ _ _
 /\\ / ___'_ __ _ _(_)_ __  __ _ \ \ \ \
( ( )\___ | '_ | '_| | '_ \/ _` | \ \ \ \
 \\/  ___)| |_)| | | | | || (_| |  ) ) ) )
  '  |____| .__|_| |_|_| |_\__, | / / / /
 =========|_|==============|___/=/_/_/_/

 :: Spring Boot ::                (v3.3.2)

2026-08-15T03:08:54.752Z  INFO 30090 --- [           main] com.eneik.generated.RecoveryAuthTest     : Starting RecoveryAuthTest using Java 21.0.10 with PID 30090 (started by jules in /app)
2026-08-15T03:08:54.754Z  INFO 30090 --- [           main] com.eneik.generated.RecoveryAuthTest     : No active profile set, falling back to 1 default profile: "default"
2026-08-15T03:08:55.882Z  INFO 30090 --- [           main] .s.d.r.c.RepositoryConfigurationDelegate : Bootstrapping Spring Data JPA repositories in DEFAULT mode.
2026-08-15T03:08:56.001Z  INFO 30090 --- [           main] .s.d.r.c.RepositoryConfigurationDelegate : Finished Spring Data repository scanning in 108 ms. Found 4 JPA repository interfaces.
2026-08-15T03:08:56.987Z  INFO 30090 --- [           main] com.zaxxer.hikari.HikariDataSource       : HikariPool-1 - Starting...
2026-08-15T03:08:57.320Z  INFO 30090 --- [           main] com.zaxxer.hikari.pool.HikariPool        : HikariPool-1 - Added connection conn0: url=jdbc:h2:mem:testdb user=SA
2026-08-15T03:08:57.324Z  INFO 30090 --- [           main] com.zaxxer.hikari.HikariDataSource       : HikariPool-1 - Start completed.
2026-08-15T03:08:57.413Z  INFO 30090 --- [           main] org.flywaydb.core.FlywayExecutor         : Database: jdbc:h2:mem:testdb (H2 2.2)
2026-08-15T03:08:57.429Z  WARN 30090 --- [           main] o.f.c.internal.database.base.Database    : Flyway upgrade recommended: H2 2.2.224 is newer than this version of Flyway and support has not been tested. The latest supported version of H2 is 2.2.220.
2026-08-15T03:08:57.460Z  INFO 30090 --- [           main] o.f.c.i.s.JdbcTableSchemaHistory         : Schema history table "PUBLIC"."flyway_schema_history" does not exist yet
2026-08-15T03:08:57.463Z  INFO 30090 --- [           main] o.f.core.internal.command.DbValidate     : Successfully validated 4 migrations (execution time 00:00.020s)
2026-08-15T03:08:57.473Z  INFO 30090 --- [           main] o.f.c.i.s.JdbcTableSchemaHistory         : Creating Schema History table "PUBLIC"."flyway_schema_history" ...
2026-08-15T03:08:57.525Z  INFO 30090 --- [           main] o.f.core.internal.command.DbMigrate      : Current version of schema "PUBLIC": << Empty Schema >>
2026-08-15T03:08:57.534Z  INFO 30090 --- [           main] o.f.core.internal.command.DbMigrate      : Migrating schema "PUBLIC" to version "20260814234641343 - create materials table"
2026-08-15T03:08:57.552Z  INFO 30090 --- [           main] o.f.core.internal.command.DbMigrate      : Migrating schema "PUBLIC" to version "20260814235220942 - search index schema"
2026-08-15T03:08:57.568Z  INFO 30090 --- [           main] o.f.core.internal.command.DbMigrate      : Migrating schema "PUBLIC" to version "20260814235823040 - create recovery tokens"
2026-08-15T03:08:57.577Z  INFO 30090 --- [           main] o.f.core.internal.command.DbMigrate      : Migrating schema "PUBLIC" to version "20260815000234264 - create telemetry events"
2026-08-15T03:08:57.594Z  INFO 30090 --- [           main] o.f.core.internal.command.DbMigrate      : Successfully applied 4 migrations to schema "PUBLIC", now at version v20260815000234264 (execution time 00:00.019s)
2026-08-15T03:08:57.718Z  INFO 30090 --- [           main] o.hibernate.jpa.internal.util.LogHelper  : HHH000204: Processing PersistenceUnitInfo [name: default]
2026-08-15T03:08:57.790Z  INFO 30090 --- [           main] org.hibernate.Version                    : HHH000412: Hibernate ORM core version 6.5.2.Final
2026-08-15T03:08:57.832Z  INFO 30090 --- [           main] o.h.c.internal.RegionFactoryInitiator    : HHH000026: Second-level cache disabled
2026-08-15T03:08:58.220Z  INFO 30090 --- [           main] o.s.o.j.p.SpringPersistenceUnitInfo      : No LoadTimeWeaver setup: ignoring JPA class transformer
2026-08-15T03:08:59.548Z  INFO 30090 --- [           main] o.h.e.t.j.p.i.JtaPlatformInitiator       : HHH000489: No JTA platform available (set 'hibernate.transaction.jta.platform' to enable JTA platform integration)
2026-08-15T03:08:59.579Z  INFO 30090 --- [           main] j.LocalContainerEntityManagerFactoryBean : Initialized JPA EntityManagerFactory for persistence unit 'default'
2026-08-15T03:08:59.908Z  INFO 30090 --- [           main] o.s.d.j.r.query.QueryEnhancerFactory     : Hibernate is in classpath; If applicable, HQL parser will be used.
2026-08-15T03:09:01.009Z  WARN 30090 --- [           main] JpaBaseConfiguration$JpaWebConfiguration : spring.jpa.open-in-view is enabled by default. Therefore, database queries may be performed during view rendering. Explicitly configure spring.jpa.open-in-view to disable this warning
2026-08-15T03:09:01.034Z  INFO 30090 --- [           main] o.s.b.a.w.s.WelcomePageHandlerMapping    : Adding welcome page: class path resource [static/index.html]
2026-08-15T03:09:01.460Z  INFO 30090 --- [           main] o.s.b.t.m.w.SpringBootMockServletContext : Initializing Spring TestDispatcherServlet ''
2026-08-15T03:09:01.460Z  INFO 30090 --- [           main] o.s.t.web.servlet.TestDispatcherServlet  : Initializing Servlet ''
2026-08-15T03:09:01.462Z  INFO 30090 --- [           main] o.s.t.web.servlet.TestDispatcherServlet  : Completed initialization in 1 ms
2026-08-15T03:09:01.483Z  INFO 30090 --- [           main] com.eneik.generated.RecoveryAuthTest     : Started RecoveryAuthTest in 7.226 seconds (process running for 9.084)
]]></system-out>
    <system-err><![CDATA[WARNING: A Java agent has been loaded dynamically (/home/jules/.m2/repository/net/bytebuddy/byte-buddy-agent/1.14.18/byte-buddy-agent-1.14.18.jar)
WARNING: If a serviceability tool is in use, please run with -XX:+EnableDynamicAgentLoading to hide this warning
WARNING: If a serviceability tool is not in use, please run with -Djdk.instrument.traceUsage for more information
WARNING: Dynamic loading of agents will be disallowed by default in a future release
]]></system-err>
  </testcase>
  <testcase name="givenTokenValidation_whenTokenIsExpiredOrNotFound_then404" classname="com.eneik.generated.RecoveryAuthTest" time="0.048"/>
  <testcase name="givenValidToken_whenConfirmReset_thenSuccessAndCannotBeReused" classname="com.eneik.generated.RecoveryAuthTest" time="0.265"/>
  <testcase name="givenValidEmail_whenRequestingReset_thenTokenIsGeneratedAndEmailed" classname="com.eneik.generated.RecoveryAuthTest" time="0.089">
    <system-out><![CDATA[2026-08-15T03:09:02.927Z  INFO 30090 --- [           main] c.e.g.service.LoggingEmailService        : Sending recovery email to email=epidemiologist@example.com
]]></system-out>
  </testcase>
  <testcase name="givenTokenValidation_whenTokenIsValid_then200AndMaskedEmail" classname="com.eneik.generated.RecoveryAuthTest" time="0.03"/>
</testsuite>